mode: set
github.com/ankyra/escape-client/model/paths/paths.go:36.22,45.2 3 1
github.com/ankyra/escape-client/model/paths/paths.go:47.47,51.2 3 1
github.com/ankyra/escape-client/model/paths/paths.go:53.75,55.2 1 1
github.com/ankyra/escape-client/model/paths/paths.go:58.36,60.2 1 1
github.com/ankyra/escape-client/model/paths/paths.go:62.41,63.23 1 1
github.com/ankyra/escape-client/model/paths/paths.go:72.2,73.18 2 1
github.com/ankyra/escape-client/model/paths/paths.go:76.2,76.40 1 1
github.com/ankyra/escape-client/model/paths/paths.go:63.23,65.19 2 1
github.com/ankyra/escape-client/model/paths/paths.go:68.3,68.41 1 1
github.com/ankyra/escape-client/model/paths/paths.go:65.19,67.4 1 1
github.com/ankyra/escape-client/model/paths/paths.go:69.3,69.29 1 1
github.com/ankyra/escape-client/model/paths/paths.go:69.29,71.3 1 1
github.com/ankyra/escape-client/model/paths/paths.go:73.18,75.3 1 1
github.com/ankyra/escape-client/model/paths/paths.go:79.41,81.2 1 1
github.com/ankyra/escape-client/model/paths/paths.go:83.37,85.2 1 1
github.com/ankyra/escape-client/model/paths/paths.go:87.77,89.2 1 1
github.com/ankyra/escape-client/model/paths/paths.go:91.83,93.2 1 1
github.com/ankyra/escape-client/model/paths/paths.go:95.48,97.2 1 1
github.com/ankyra/escape-client/model/paths/paths.go:99.71,102.2 2 1
github.com/ankyra/escape-client/model/paths/paths.go:104.64,106.2 1 1
github.com/ankyra/escape-client/model/paths/paths.go:108.77,110.2 1 1
github.com/ankyra/escape-client/model/paths/paths.go:112.77,114.2 1 1
github.com/ankyra/escape-client/model/paths/paths.go:116.76,118.2 1 1
github.com/ankyra/escape-client/model/paths/paths.go:120.69,122.2 1 1
github.com/ankyra/escape-client/model/paths/paths.go:123.73,125.2 1 1
github.com/ankyra/escape-client/model/paths/paths.go:126.88,128.2 1 1
github.com/ankyra/escape-client/model/paths/paths.go:130.83,132.2 1 1
github.com/ankyra/escape-client/model/paths/paths.go:134.37,136.2 1 1
github.com/ankyra/escape-client/model/paths/paths.go:138.45,140.2 1 1
github.com/ankyra/escape-client/model/paths/paths.go:142.52,144.2 1 0
github.com/ankyra/escape-client/model/paths/paths.go:146.75,148.2 1 0
github.com/ankyra/escape-client/model/paths/paths.go:150.80,152.2 1 0
github.com/ankyra/escape-client/model/paths/paths.go:154.88,156.2 1 0
github.com/ankyra/escape-client/model/paths/paths.go:158.59,160.2 1 0
